========================================================================
CGM-Rec Phase 4 Online Test Summary
========================================================================
Dataset               : ml_100k
Test samples          : 743
Metrics               : {'HIT@1': 0.2570659488559892, 'NDCG@1': 0.2570659488559892, 'HIT@5': 0.5720053835800808, 'NDCG@5': 0.4221314008799304, 'HIT@10': 0.7402422611036339, 'NDCG@10': 0.4759179089175118, 'HIT@20': 1.0, 'NDCG@20': 0.5402986993029258, 'avg_rank': 6.678331090174966}
Edit counts           : {'stored_episodes': 743, 'reinforced_edges': 1699, 'suppressed_edges': 1392, 'tentative_edges': 516, 'rejected_edits': 0, 'promoted_edges': 136}
Episodic summary      : {'records': 500, 'max_records': 500, 'success_records': 287, 'failure_records': 213}
Semantic summary      : {'edge_count': 26135, 'relations': {'belongs_to': 5166, 'has_keyword': 7500, 'has_description': 1496, 'co_occurs_with': 11973}}
Example sessions      :
  - test_00000: target=Tales from the Crypt Presents: Bordello of Blood rank=2 outcome=success top5=['Gandhi', 'Tales from the Crypt Presents: Bordello of Blood', 'First Knight', 'It Could Happen to You', 'Dracula: Dead and Loving It'] edits={'stored_episodes': 1, 'reinforced_edges': 4, 'suppressed_edges': 0, 'tentative_edges': 0, 'rejected_edits': 0, 'promoted_edges': 0}
  - test_00001: target=The Godfather: Part II rank=6 outcome=failure top5=['The Piano', 'Aliens', 'Heavy Metal', 'Sabrina', 'Multiplicity'] edits={'stored_episodes': 1, 'reinforced_edges': 0, 'suppressed_edges': 6, 'tentative_edges': 0, 'rejected_edits': 0, 'promoted_edges': 0}
  - test_00002: target=The Third Man rank=13 outcome=failure top5=['The Fugitive', 'The Blues Brothers', 'Aladdin', 'Aliens', 'Jumanji'] edits={'stored_episodes': 1, 'reinforced_edges': 0, 'suppressed_edges': 4, 'tentative_edges': 2, 'rejected_edits': 0, 'promoted_edges': 0}
  - test_00003: target=Air Force One rank=2 outcome=success top5=['Scream', 'Air Force One', 'Up Close and Personal', "'Til There Was You", 'Freeway'] edits={'stored_episodes': 1, 'reinforced_edges': 4, 'suppressed_edges': 0, 'tentative_edges': 0, 'rejected_edits': 0, 'promoted_edges': 0}
  - test_00004: target=Toy Story rank=1 outcome=success top5=['Toy Story', 'Michael', 'Four Rooms', 'Gattaca', 'Con Air'] edits={'stored_episodes': 1, 'reinforced_edges': 4, 'suppressed_edges': 0, 'tentative_edges': 0, 'rejected_edits': 0, 'promoted_edges': 0}
  - test_00005: target=The Bridge on the River Kwai rank=14 outcome=failure top5=['The Graduate', 'Desperado', 'Beautiful Girls', 'The Game', 'House Party 3'] edits={'stored_episodes': 1, 'reinforced_edges': 0, 'suppressed_edges': 4, 'tentative_edges': 2, 'rejected_edits': 0, 'promoted_edges': 0}
  - test_00006: target=Apt Pupil rank=5 outcome=success top5=['Aliens', 'Unforgiven', 'L.A. Confidential', 'The Innocent', 'Apt Pupil'] edits={'stored_episodes': 1, 'reinforced_edges': 4, 'suppressed_edges': 0, 'tentative_edges': 0, 'rejected_edits': 0, 'promoted_edges': 0}
  - test_00007: target=First Knight rank=2 outcome=success top5=['As Good As It Gets', 'First Knight', 'Aliens', 'Michael Collins', 'It Could Happen to You'] edits={'stored_episodes': 1, 'reinforced_edges': 4, 'suppressed_edges': 0, 'tentative_edges': 0, 'rejected_edits': 0, 'promoted_edges': 0}
  - test_00008: target=Clockwork Orange, A rank=1 outcome=success top5=['Clockwork Orange, A', 'Deceiver', 'Backbeat', 'Kingpin', 'GoodFellas'] edits={'stored_episodes': 1, 'reinforced_edges': 4, 'suppressed_edges': 0, 'tentative_edges': 0, 'rejected_edits': 0, 'promoted_edges': 0}
  - test_00009: target=The Crying Game rank=15 outcome=failure top5=['Highlander', 'Three Wishes', 'Jack', 'Beautiful Girls', "She's So Lovely"] edits={'stored_episodes': 1, 'reinforced_edges': 0, 'suppressed_edges': 4, 'tentative_edges': 2, 'rejected_edits': 0, 'promoted_edges': 0}
========================================================================
Saved summary JSON to /home/may1-idsailab/Documents/Hao/cgm/outputs/ml_100k/phase4_online.json
